#
# There is insufficient memory for the Java Runtime Environment to continue.
# Native memory allocation (malloc) failed to allocate 1048576 bytes for AllocateHeap
# Possible reasons:
#   The system is out of physical RAM or swap space
#   The process is running with CompressedOops enabled, and the Java Heap may be blocking the growth of the native heap
# Possible solutions:
#   Reduce memory load on the system
#   Increase physical memory or swap space
#   Check if swap backing store is full
#   Decrease Java heap size (-Xmx/-Xms)
#   Decrease number of Java threads
#   Decrease Java thread stack sizes (-Xss)
#   Set larger code cache with -XX:ReservedCodeCacheSize=
#   JVM is running with Unscaled Compressed Oops mode in which the Java heap is
#     placed in the first 4GB address space. The Java Heap base address is the
#     maximum limit for the native heap growth. Please use -XX:HeapBaseMinAddress
#     to set the Java Heap base and to place the Java Heap above 4GB virtual address.
# This output file may be truncated or incomplete.
#
#  Out of Memory Error (allocation.cpp:44), pid=25632, tid=40064
#
# JRE version:  (17.0.4+8) (build )
# Java VM: OpenJDK 64-Bit Server VM (17.0.4+8, mixed mode, tiered, compressed oops, compressed class ptrs, parallel gc, windows-amd64)
# No core dump will be written. Minidumps are not enabled by default on client versions of Windows
#

---------------  S U M M A R Y ------------

Command Line: --add-modules=ALL-SYSTEM --add-opens=java.base/java.util=ALL-UNNAMED --add-opens=java.base/java.lang=ALL-UNNAMED --add-opens=java.base/sun.nio.fs=ALL-UNNAMED -Declipse.application=org.eclipse.jdt.ls.core.id1 -Dosgi.bundles.defaultStartLevel=4 -Declipse.product=org.eclipse.jdt.ls.core.product -Djava.import.generatesMetadataFilesAtProjectRoot=false -Dfile.encoding=utf8 -DwatchParentProcess=false -XX:+UseParallelGC -XX:GCTimeRatio=4 -XX:AdaptiveSizePolicyWeight=90 -Dsun.zip.disableMemoryMapping=true -Xmx1G -Xms100m -Xlog:jni+resolve=off -javaagent:c:\Users\Rannael\.vscode\extensions\redhat.java-1.10.0-win32-x64\lombok\lombok-1.18.24.jar c:\Users\Rannael\.vscode\extensions\redhat.java-1.10.0-win32-x64\server\plugins\org.eclipse.equinox.launcher_1.6.400.v20210924-0641.jar -configuration c:\Users\Rannael\AppData\Roaming\Code\User\globalStorage\redhat.java\1.10.0\config_ss_win -data c:\Users\Rannael\AppData\Roaming\Code\User\workspaceStorage\de322bd1df73d59a8bcacd6c123b5d1a\redhat.java\ss_ws

Host: Intel(R) Core(TM) i3-7020U CPU @ 2.30GHz, 4 cores, 3G,  Windows 10 , 64 bit Build 19041 (10.0.19041.1889)
Time: Wed Sep  7 09:10:15 2022 Hora oficial do Brasil elapsed time: 6.491104 seconds (0d 0h 0m 6s)

---------------  T H R E A D  ---------------

Current thread (0x00000261af5b6f70):  JavaThread "Unknown thread" [_thread_in_vm, id=40064, stack(0x0000007a2ca00000,0x0000007a2cb00000)]

Stack: [0x0000007a2ca00000,0x0000007a2cb00000]
Native frames: (J=compiled Java code, j=interpreted, Vv=VM code, C=native code)
V  [jvm.dll+0x67733a]
V  [jvm.dll+0x8323c4]
V  [jvm.dll+0x833b6e]
V  [jvm.dll+0x8341d3]
V  [jvm.dll+0x2455e5]
V  [jvm.dll+0xa6393]
V  [jvm.dll+0x6a9996]
V  [jvm.dll+0x6aa5d9]
V  [jvm.dll+0x683aa3]
V  [jvm.dll+0x80460b]
V  [jvm.dll+0x369954]
V  [jvm.dll+0x7e320c]
V  [jvm.dll+0x3ec23f]
V  [jvm.dll+0x3eddc1]
C  [jli.dll+0x5277]
C  [ucrtbase.dll+0x21bb2]
C  [KERNEL32.DLL+0x17034]
C  [ntdll.dll+0x52651]


---------------  P R O C E S S  ---------------

Threads class SMR info:
_java_thread_list=0x00007ffe9c9b4e98, length=0, elements={
}

Java Threads: ( => current thread )

Other Threads:
  0x00000261af5c8d00 GCTaskThread "GC Thread#0" [stack: 0x0000007a2cb00000,0x0000007a2cc00000] [id=20328]

=>0x00000261af5b6f70 (exited) JavaThread "Unknown thread" [_thread_in_vm, id=40064, stack(0x0000007a2ca00000,0x0000007a2cb00000)]

Threads with active compile tasks:

VM state: not at safepoint (normal execution)

VM Mutex/Monitor currently owned by a thread: None

Heap address: 0x00000000c0000000, size: 1024 MB, Compressed Oops mode: 32-bit

CDS archive(s) not mapped
Compressed class space mapped at: 0x0000000100000000-0x0000000140000000, reserved size: 1073741824
Narrow klass base: 0x0000000000000000, Narrow klass shift: 3, Narrow klass range: 0x140000000

GC Precious Log:
 CPUs: 4 total, 4 available
 Memory: 3975M
 Large Page Support: Disabled
 NUMA Support: Disabled
 Compressed Oops: Enabled (32-bit)
 Alignments: Space 512K, Generation 512K, Heap 2M
 Heap Min Capacity: 100M
 Heap Initial Capacity: 100M
 Heap Max Capacity: 1G
 Pre-touch: Disabled
 Parallel Workers: 4

Heap:
 PSYoungGen      total 29696K, used 512K [0x00000000eab00000, 0x00000000ecc00000, 0x0000000100000000)
  eden space 25600K, 2% used [0x00000000eab00000,0x00000000eab80070,0x00000000ec400000)
  from space 4096K, 0% used [0x00000000ec800000,0x00000000ec800000,0x00000000ecc00000)
  to   space 4096K, 0% used [0x00000000ec400000,0x00000000ec400000,0x00000000ec800000)
 ParOldGen       total 68608K, used 0K [0x00000000c0000000, 0x00000000c4300000, 0x00000000eab00000)
  object space 68608K, 0% used [0x00000000c0000000,0x00000000c0000000,0x00000000c4300000)
 Metaspace       used 1149K, committed 1216K, reserved 1056768K
  class space    used 101K, committed 128K, reserved 1048576K

Card table byte_map: [0x00000261aef70000,0x00000261af180000] _byte_map_base: 0x00000261ae970000

Marking Bits: (ParMarkBitMap*) 0x00007ffe9ca22cd0
 Begin Bits: [0x00000261c1250000, 0x00000261c2250000)
 End Bits:   [0x00000261c2250000, 0x00000261c3250000)

Polling page: 0x00000261ad3e0000

Metaspace:

Usage:
  Non-class:      1.02 MB used.
      Class:    101.01 KB used.
       Both:      1.12 MB used.

Virtual space:
  Non-class space:        8.00 MB reserved,       1.06 MB ( 13%) committed,  1 nodes.
      Class space:        1.00 GB reserved,     128.00 KB ( <1%) committed,  1 nodes.
             Both:        1.01 GB reserved,       1.19 MB ( <1%) committed. 

Chunk freelists:
   Non-Class:  0 bytes
       Class:  3.75 MB
        Both:  3.75 MB

MaxMetaspaceSize: unlimited
CompressedClassSpaceSize: 1.00 GB
Initial GC threshold: 21.00 MB
Current GC threshold: 17179869184.00 GB
CDS: off
MetaspaceReclaimPolicy: balanced
 - commit_granule_bytes: 65536.
 - commit_granule_words: 8192.
 - virtual_space_node_default_size: 1048576.
 - enlarge_chunks_in_place: 1.
 - new_chunks_are_fully_committed: 0.
 - uncommit_free_chunks: 1.
 - use_allocation_guard: 0.
 - handle_deallocations: 1.


Internal statistics:

num_allocs_failed_limit: 0.
num_arena_births: 2.
num_arena_deaths: 0.
num_vsnodes_births: 2.
num_vsnodes_deaths: 0.
num_space_committed: 19.
num_space_uncommitted: 0.
num_chunks_returned_to_freelist: 0.
num_chunks_taken_from_freelist: 3.
num_chunk_merges: 0.
num_chunk_splits: 1.
num_chunks_enlarged: 0.
num_purges: 0.
num_inconsistent_stats: 0.

CodeHeap 'non-profiled nmethods': size=120000Kb used=0Kb max_used=0Kb free=120000Kb
 bounds [0x00000261b9d20000, 0x00000261b9f90000, 0x00000261c1250000]
CodeHeap 'profiled nmethods': size=120000Kb used=0Kb max_used=0Kb free=120000Kb
 bounds [0x00000261b27f0000, 0x00000261b2a60000, 0x00000261b9d20000]
CodeHeap 'non-nmethods': size=5760Kb used=202Kb max_used=335Kb free=5557Kb
 bounds [0x00000261b2250000, 0x00000261b24c0000, 0x00000261b27f0000]
 total_blobs=66 nmethods=0 adapters=47
 compilation: enabled
              stopped_count=0, restarted_count=0
 full_count=0

Compilation events (0 events):
No events

GC Heap History (0 events):
No events

Deoptimization events (0 events):
No events

Classes unloaded (0 events):
No events

Classes redefined (0 events):
No events

Internal exceptions (0 events):
No events

VM Operations (0 events):
No events

Events (20 events):
Event: 6.263 loading class java/lang/Long
Event: 6.264 loading class java/lang/Long done
Event: 6.264 loading class java/util/Iterator
Event: 6.281 loading class java/util/Iterator done
Event: 6.281 loading class java/lang/reflect/RecordComponent
Event: 6.283 loading class java/lang/reflect/RecordComponent done
Event: 6.283 loading class jdk/internal/vm/vector/VectorSupport
Event: 6.285 loading class jdk/internal/vm/vector/VectorSupport done
Event: 6.285 loading class jdk/internal/vm/vector/VectorSupport$VectorPayload
Event: 6.285 loading class jdk/internal/vm/vector/VectorSupport$VectorPayload done
Event: 6.285 loading class jdk/internal/vm/vector/VectorSupport$Vector
Event: 6.285 loading class jdk/internal/vm/vector/VectorSupport$Vector done
Event: 6.285 loading class jdk/internal/vm/vector/VectorSupport$VectorMask
Event: 6.285 loading class jdk/internal/vm/vector/VectorSupport$VectorMask done
Event: 6.285 loading class jdk/internal/vm/vector/VectorSupport$VectorShuffle
Event: 6.285 loading class jdk/internal/vm/vector/VectorSupport$VectorShuffle done
Event: 6.417 loading class java/lang/NullPointerException
Event: 6.417 loading class java/lang/NullPointerException done
Event: 6.417 loading class java/lang/ArithmeticException
Event: 6.418 loading class java/lang/ArithmeticException done


Dynamic libraries:
0x00007ff679ce0000 - 0x00007ff679cee000 	c:\Users\Rannael\.vscode\extensions\redhat.java-1.10.0-win32-x64\jre\17.0.4-win32-x86_64\bin\java.exe
0x00007fff42070000 - 0x00007fff42268000 	C:\Windows\SYSTEM32\ntdll.dll
0x00007fff415d0000 - 0x00007fff4168d000 	C:\Windows\System32\KERNEL32.DLL
0x00007fff3f790000 - 0x00007fff3fa5e000 	C:\Windows\System32\KERNELBASE.dll
0x00007fff3fa60000 - 0x00007fff3fb60000 	C:\Windows\System32\ucrtbase.dll
0x00007fff0d420000 - 0x00007fff0d438000 	c:\Users\Rannael\.vscode\extensions\redhat.java-1.10.0-win32-x64\jre\17.0.4-win32-x86_64\bin\jli.dll
0x00007fff407e0000 - 0x00007fff40980000 	C:\Windows\System32\USER32.dll
0x00007fff40000000 - 0x00007fff40022000 	C:\Windows\System32\win32u.dll
0x00007fff40f80000 - 0x00007fff40faa000 	C:\Windows\System32\GDI32.dll
0x00007fff3fda0000 - 0x00007fff3feab000 	C:\Windows\System32\gdi32full.dll
0x00007fff40030000 - 0x00007fff400cd000 	C:\Windows\System32\msvcp_win.dll
0x00007fff3eb70000 - 0x00007fff3ee0a000 	C:\Windows\WinSxS\amd64_microsoft.windows.common-controls_6595b64144ccf1df_6.0.19041.1110_none_60b5254171f9507e\COMCTL32.dll
0x00007fff404e0000 - 0x00007fff4057e000 	C:\Windows\System32\msvcrt.dll
0x00007fff0cf20000 - 0x00007fff0cf39000 	c:\Users\Rannael\.vscode\extensions\redhat.java-1.10.0-win32-x64\jre\17.0.4-win32-x86_64\bin\VCRUNTIME140.dll
0x00007fff41770000 - 0x00007fff417a0000 	C:\Windows\System32\IMM32.DLL
0x00007fff10080000 - 0x00007fff1008c000 	c:\Users\Rannael\.vscode\extensions\redhat.java-1.10.0-win32-x64\jre\17.0.4-win32-x86_64\bin\vcruntime140_1.dll
0x00007ffee17d0000 - 0x00007ffee1861000 	c:\Users\Rannael\.vscode\extensions\redhat.java-1.10.0-win32-x64\jre\17.0.4-win32-x86_64\bin\msvcp140.dll
0x00007ffe9bea0000 - 0x00007ffe9cae6000 	c:\Users\Rannael\.vscode\extensions\redhat.java-1.10.0-win32-x64\jre\17.0.4-win32-x86_64\bin\server\jvm.dll
0x00007fff401d0000 - 0x00007fff4027e000 	C:\Windows\System32\ADVAPI32.dll
0x00007fff400d0000 - 0x00007fff4016c000 	C:\Windows\System32\sechost.dll
0x00007fff40980000 - 0x00007fff40aa5000 	C:\Windows\System32\RPCRT4.dll
0x00007fff41500000 - 0x00007fff41508000 	C:\Windows\System32\PSAPI.DLL
0x00007fff26130000 - 0x00007fff26139000 	C:\Windows\SYSTEM32\WSOCK32.dll
0x00007fff41310000 - 0x00007fff4137b000 	C:\Windows\System32\WS2_32.dll
0x00007fff23620000 - 0x00007fff23647000 	C:\Windows\SYSTEM32\WINMM.dll
0x00007fff3c350000 - 0x00007fff3c35a000 	C:\Windows\SYSTEM32\VERSION.dll
0x00007fff3d340000 - 0x00007fff3d352000 	C:\Windows\SYSTEM32\kernel.appcore.dll
0x00007fff0f660000 - 0x00007fff0f66a000 	c:\Users\Rannael\.vscode\extensions\redhat.java-1.10.0-win32-x64\jre\17.0.4-win32-x86_64\bin\jimage.dll
0x00007fff3f1c0000 - 0x00007fff3f3a4000 	C:\Windows\SYSTEM32\DBGHELP.DLL
0x00007fff3ef70000 - 0x00007fff3ef9c000 	C:\Windows\SYSTEM32\dbgcore.DLL
0x00007fff3feb0000 - 0x00007fff3ff32000 	C:\Windows\System32\bcryptPrimitives.dll
0x00007fff0f5b0000 - 0x00007fff0f5be000 	c:\Users\Rannael\.vscode\extensions\redhat.java-1.10.0-win32-x64\jre\17.0.4-win32-x86_64\bin\instrument.dll
0x00007ffef8ed0000 - 0x00007ffef8ef5000 	c:\Users\Rannael\.vscode\extensions\redhat.java-1.10.0-win32-x64\jre\17.0.4-win32-x86_64\bin\java.dll
0x00007ffef90e0000 - 0x00007ffef90f8000 	c:\Users\Rannael\.vscode\extensions\redhat.java-1.10.0-win32-x64\jre\17.0.4-win32-x86_64\bin\zip.dll

dbghelp: loaded successfully - version: 4.0.5 - missing functions: none
symbol engine: initialized successfully - sym options: 0x614 - pdb path: .;c:\Users\Rannael\.vscode\extensions\redhat.java-1.10.0-win32-x64\jre\17.0.4-win32-x86_64\bin;C:\Windows\SYSTEM32;C:\Windows\WinSxS\amd64_microsoft.windows.common-controls_6595b64144ccf1df_6.0.19041.1110_none_60b5254171f9507e;c:\Users\Rannael\.vscode\extensions\redhat.java-1.10.0-win32-x64\jre\17.0.4-win32-x86_64\bin\server

VM Arguments:
jvm_args: --add-modules=ALL-SYSTEM --add-opens=java.base/java.util=ALL-UNNAMED --add-opens=java.base/java.lang=ALL-UNNAMED --add-opens=java.base/sun.nio.fs=ALL-UNNAMED -Declipse.application=org.eclipse.jdt.ls.core.id1 -Dosgi.bundles.defaultStartLevel=4 -Declipse.product=org.eclipse.jdt.ls.core.product -Djava.import.generatesMetadataFilesAtProjectRoot=false -Dfile.encoding=utf8 -DwatchParentProcess=false -XX:+UseParallelGC -XX:GCTimeRatio=4 -XX:AdaptiveSizePolicyWeight=90 -Dsun.zip.disableMemoryMapping=true -Xmx1G -Xms100m -Xlog:jni+resolve=off -javaagent:c:\Users\Rannael\.vscode\extensions\redhat.java-1.10.0-win32-x64\lombok\lombok-1.18.24.jar 
java_command: c:\Users\Rannael\.vscode\extensions\redhat.java-1.10.0-win32-x64\server\plugins\org.eclipse.equinox.launcher_1.6.400.v20210924-0641.jar -configuration c:\Users\Rannael\AppData\Roaming\Code\User\globalStorage\redhat.java\1.10.0\config_ss_win -data c:\Users\Rannael\AppData\Roaming\Code\User\workspaceStorage\de322bd1df73d59a8bcacd6c123b5d1a\redhat.java\ss_ws
java_class_path (initial): c:\Users\Rannael\.vscode\extensions\redhat.java-1.10.0-win32-x64\server\plugins\org.eclipse.equinox.launcher_1.6.400.v20210924-0641.jar
Launcher Type: SUN_STANDARD

[Global flags]
    uintx AdaptiveSizePolicyWeight                 = 90                                        {product} {command line}
     intx CICompilerCount                          = 3                                         {product} {ergonomic}
    uintx GCTimeRatio                              = 4                                         {product} {command line}
   size_t InitialHeapSize                          = 104857600                                 {product} {command line}
   size_t MaxHeapSize                              = 1073741824                                {product} {command line}
   size_t MaxNewSize                               = 357564416                                 {product} {ergonomic}
   size_t MinHeapDeltaBytes                        = 524288                                    {product} {ergonomic}
   size_t MinHeapSize                              = 104857600                                 {product} {command line}
   size_t NewSize                                  = 34603008                                  {product} {ergonomic}
    uintx NonNMethodCodeHeapSize                   = 5832780                                {pd product} {ergonomic}
    uintx NonProfiledCodeHeapSize                  = 122912730                              {pd product} {ergonomic}
   size_t OldSize                                  = 70254592                                  {product} {ergonomic}
    uintx ProfiledCodeHeapSize                     = 122912730                              {pd product} {ergonomic}
    uintx ReservedCodeCacheSize                    = 251658240                              {pd product} {ergonomic}
     bool SegmentedCodeCache                       = true                                      {product} {ergonomic}
   size_t SoftMaxHeapSize                          = 1073741824                             {manageable} {ergonomic}
     bool UseCompressedClassPointers               = true                           {product lp64_product} {ergonomic}
     bool UseCompressedOops                        = true                           {product lp64_product} {ergonomic}
     bool UseLargePagesIndividualAllocation        = false                                  {pd product} {ergonomic}
     bool UseParallelGC                            = true                                      {product} {command line}

Logging:
Log output configuration:
 #0: stdout all=warning,jni+resolve=off uptime,level,tags (reconfigured)
 #1: stderr all=off uptime,level,tags

Environment Variables:
JAVA_HOME=C:\Program Files\Java\zulu17.34.19-ca-jdk17.0.3-win_x64
PATH=C:\Program Files\Java\zulu17.34.19-ca-jdk17.0.3-win_x64\bin;C:\Program Files\Zulu\zulu-17\bin\;C:\Windows\system32;C:\Windows;C:\Windows\System32\Wbem;C:\Windows\System32\WindowsPowerShell\v1.0\;C:\Windows\System32\OpenSSH\;C:\Program Files\Git\cmd;C:\ProgramData\chocolatey\bin;C:\Program Files\nodejs\;C:\Program Files\Microsoft SQL Server\Client SDK\ODBC\170\Tools\Binn\;C:\Program Files (x86)\Microsoft SQL Server\150\Tools\Binn\;C:\Program Files\Microsoft SQL Server\150\Tools\Binn\;C:\Program Files\Microsoft SQL Server\150\DTS\Binn\;C:\Program Files (x86)\Microsoft SQL Server\150\DTS\Binn\;C:\Program Files\Azure Data Studio\bin;C:\Users\Rannael\AppData\Local\Programs\Python\Python310\Scripts\;C:\Users\Rannael\AppData\Local\Programs\Python\Python310\;C:\Users\Rannael\AppData\Local\Microsoft\WindowsApps;C:\Users\Rannael\AppData\Local\Programs\Microsoft VS Code\bin;C:\Users\Rannael\AppData\Local\GitHubDesktop\bin;C:\Users\Rannael\AppData\Roaming\npm;C:\Program Files\Azure Data Studio\bin
USERNAME=Rannael
OS=Windows_NT
PROCESSOR_IDENTIFIER=Intel64 Family 6 Model 142 Stepping 9, GenuineIntel
TMP=C:\Users\Rannael\AppData\Local\Temp
TEMP=C:\Users\Rannael\AppData\Local\Temp



---------------  S Y S T E M  ---------------

OS:
 Windows 10 , 64 bit Build 19041 (10.0.19041.1889)
OS uptime: 3 days 0:40 hours

CPU: total 4 (initial active 4) (2 cores per cpu, 2 threads per core) family 6 model 142 stepping 9 microcode 0xb4, cx8, cmov, fxsr, ht, mmx, 3dnowpref, sse, sse2, sse3, ssse3, sse4.1, sse4.2, popcnt, lzcnt, tsc, tscinvbit, avx, avx2, aes, erms, clmul, bmi1, bmi2, adx, fma, vzeroupper, clflush, clflushopt

Memory: 4k page, system-wide physical 3975M (210M free)
TotalPageFile size 16263M (AvailPageFile size 3M)
current process WorkingSet (physical memory assigned to process): 15M, peak: 15M
current process commit charge ("private bytes"): 158M, peak: 159M

vm_info: OpenJDK 64-Bit Server VM (17.0.4+8) for windows-amd64 JRE (17.0.4+8), built on Jul 19 2022 16:05:16 by "temurin" with MS VC++ 16.7 (VS2019)

END.
